
Showing logs for build [32mcb-kubecd-environment-pr-163-25-4dnfg-1[0m stage [32mfrom-build-pack[0m and container [32mstep-credential-initializer-lmcsw[0m
{"level":"warn","ts":1582124684.3493288,"logger":"fallback-logger","caller":"logging/config.go:69","msg":"Fetch GitHub commit ID from kodata failed: \"ref: refs/heads/0.8.0-**-support-backwards-incompats\" is not a valid GitHub commit ID"}
{"level":"info","ts":1582124684.350905,"logger":"fallback-logger","caller":"creds-init/main.go:40","msg":"Credentials initialized."}

Showing logs for build [32mcb-kubecd-environment-pr-163-25-4dnfg-1[0m stage [32mfrom-build-pack[0m and container [32mstep-working-dir-initializer-745p6[0m
{"level":"warn","ts":1582124685.3635736,"logger":"fallback-logger","caller":"logging/config.go:69","msg":"Fetch GitHub commit ID from kodata failed: open /var/run/ko/HEAD: no such file or directory"}
{"level":"info","ts":1582124685.3654842,"logger":"fallback-logger","caller":"bash/main.go:64","msg":"Successfully executed command \"sh -c mkdir -p /workspace/source\"; output "}

Showing logs for build [32mcb-kubecd-environment-pr-163-25-4dnfg-1[0m stage [32mfrom-build-pack[0m and container [32mstep-place-tools[0m

Showing logs for build [32mcb-kubecd-environment-pr-163-25-4dnfg-1[0m stage [32mfrom-build-pack[0m and container [32mstep-git-source-cb-kubecd-environment-pr-163-25-4dnfg-6fg4n[0m
{"level":"warn","ts":1582124688.5010114,"logger":"fallback-logger","caller":"logging/config.go:69","msg":"Fetch GitHub commit ID from kodata failed: \"ref: refs/heads/0.8.0-**-support-backwards-incompats\" is not a valid GitHub commit ID"}
{"level":"info","ts":1582124689.5599203,"logger":"fallback-logger","caller":"git/git.go:103","msg":"Successfully cloned https://github.com/cb-kubecd/environment-pr-163-25-boot-gke-staging.git @ master in path /workspace/source"}

Showing logs for build [32mcb-kubecd-environment-pr-163-25-4dnfg-1[0m stage [32mfrom-build-pack[0m and container [32mstep-git-merge[0m
Using SHAs from PULL_REFS=master:f6c5608a58d61d9080f836301237ae8c1cbf5e33,3:d6cae62c225ff8bc4befe8727bb0ca795457b5c6
DEBUG: LC_ALL=C JX_LOG_LEVEL=error git fetch origin --unshallow d6cae62c225ff8bc4befe8727bb0ca795457b5c6: f6c5608a58d61d9080f836301237ae8c1cbf5e33:
DEBUG: ran git fetch --unshallow origin d6cae62c225ff8bc4befe8727bb0ca795457b5c6: f6c5608a58d61d9080f836301237ae8c1cbf5e33: in 
DEBUG: LC_ALL=C JX_LOG_LEVEL=error git branch
DEBUG: JX_LOG_LEVEL=error LC_ALL=C git checkout master
DEBUG: ran git checkout master in 
DEBUG: LC_ALL=C JX_LOG_LEVEL=error git reset --hard f6c5608a58d61d9080f836301237ae8c1cbf5e33
DEBUG: ran git reset --hard f6c5608a58d61d9080f836301237ae8c1cbf5e33 in 
DEBUG: LC_ALL=C JX_LOG_LEVEL=error git clean -fd .
DEBUG: ran clean --force -d . in 
DEBUG: LC_ALL=C JX_LOG_LEVEL=error git merge d6cae62c225ff8bc4befe8727bb0ca795457b5c6
DEBUG: ran git merge d6cae62c225ff8bc4befe8727bb0ca795457b5c6 in 
DEBUG: LC_ALL=C JX_LOG_LEVEL=error git log --format=%H%x1f%an%x1f%ae%x1f%cn%x1f%ce%x1f%s%n%b%x1e f6c5608a58d61d9080f836301237ae8c1cbf5e33..HEAD
Merged SHA d6cae62c225ff8bc4befe8727bb0ca795457b5c6 with commit message 'chore: Promote bdd-sbhg-1582123574 to version 0.0.1' into base branch master

Showing logs for build [32mcb-kubecd-environment-pr-163-25-4dnfg-1[0m stage [32mfrom-build-pack[0m and container [32mstep-build-helm-build[0m
WARNING: No $CHART_REPOSITORY defined so using the default value of: http://jenkins-x-chartmuseum:8080
Adding missing Helm repo: storage.googleapis.com https://storage.googleapis.com/chartmuseum.jenkins-x.io
WARNING: No secrets found on "helm/repos" due: reading the secret "helm/repos" from vault: no secret "helm/repos" not found in vault
Read credentials for https://storage.googleapis.com/chartmuseum.jenkins-x.io from vault helm/repos
Successfully added Helm repository storage.googleapis.com.
Adding missing Helm repo: jenkins-x-chartmuseum http://jenkins-x-chartmuseum:8080
WARNING: No secrets found on "helm/repos" due: reading the secret "helm/repos" from vault: no secret "helm/repos" not found in vault
Read credentials for http://jenkins-x-chartmuseum:8080 from vault helm/repos
Successfully added Helm repository jenkins-x-chartmuseum.
WARNING: No $CHART_REPOSITORY defined so using the default value of: http://jenkins-x-chartmuseum:8080
Adding missing Helm repo: chartmuseum.jenkins-x.io http://chartmuseum.jenkins-x.io
WARNING: No secrets found on "helm/repos" due: reading the secret "helm/repos" from vault: no secret "helm/repos" not found in vault
Read credentials for http://chartmuseum.jenkins-x.io from vault helm/repos
Successfully added Helm repository chartmuseum.jenkins-x.io.
